\BOOKMARK [0][-]{chapter.1}{\376\377\0001\000\040\000M\000a\000i\000n\000\040\000P\000a\000g\000e}{}% 1
\BOOKMARK [0][-]{chapter.2}{\376\377\0002\000\040\000T\000o\000d\000o\000\040\000L\000i\000s\000t}{}% 2
\BOOKMARK [0][-]{chapter.3}{\376\377\0003\000\040\000N\000a\000m\000e\000s\000p\000a\000c\000e\000\040\000I\000n\000d\000e\000x}{}% 3
\BOOKMARK [1][-]{section.3.1}{\376\377\0003\000.\0001\000\040\000N\000a\000m\000e\000s\000p\000a\000c\000e\000\040\000L\000i\000s\000t}{chapter.3}% 4
\BOOKMARK [0][-]{chapter.4}{\376\377\0004\000\040\000H\000i\000e\000r\000a\000r\000c\000h\000i\000c\000a\000l\000\040\000I\000n\000d\000e\000x}{}% 5
\BOOKMARK [1][-]{section.4.1}{\376\377\0004\000.\0001\000\040\000C\000l\000a\000s\000s\000\040\000H\000i\000e\000r\000a\000r\000c\000h\000y}{chapter.4}% 6
\BOOKMARK [0][-]{chapter.5}{\376\377\0005\000\040\000C\000l\000a\000s\000s\000\040\000I\000n\000d\000e\000x}{}% 7
\BOOKMARK [1][-]{section.5.1}{\376\377\0005\000.\0001\000\040\000C\000l\000a\000s\000s\000\040\000L\000i\000s\000t}{chapter.5}% 8
\BOOKMARK [0][-]{chapter.6}{\376\377\0006\000\040\000N\000a\000m\000e\000s\000p\000a\000c\000e\000\040\000D\000o\000c\000u\000m\000e\000n\000t\000a\000t\000i\000o\000n}{}% 9
\BOOKMARK [1][-]{section.6.1}{\376\377\0006\000.\0001\000\040\000C\000i\000r\000c\000l\000e\000D\000e\000t\000e\000c\000t\000o\000r\000P\000l\000u\000g\000i\000n\000s\000\040\000N\000a\000m\000e\000s\000p\000a\000c\000e\000\040\000R\000e\000f\000e\000r\000e\000n\000c\000e}{chapter.6}% 10
\BOOKMARK [2][-]{subsection.6.1.1}{\376\377\0006\000.\0001\000.\0001\000\040\000D\000e\000t\000a\000i\000l\000e\000d\000\040\000D\000e\000s\000c\000r\000i\000p\000t\000i\000o\000n}{section.6.1}% 11
\BOOKMARK [1][-]{section.6.2}{\376\377\0006\000.\0002\000\040\000I\000m\000a\000g\000e\000P\000r\000o\000c\000e\000s\000s\000o\000r\000\040\000N\000a\000m\000e\000s\000p\000a\000c\000e\000\040\000R\000e\000f\000e\000r\000e\000n\000c\000e}{chapter.6}% 12
\BOOKMARK [2][-]{subsection.6.2.1}{\376\377\0006\000.\0002\000.\0001\000\040\000D\000e\000t\000a\000i\000l\000e\000d\000\040\000D\000e\000s\000c\000r\000i\000p\000t\000i\000o\000n}{section.6.2}% 13
\BOOKMARK [0][-]{chapter.7}{\376\377\0007\000\040\000C\000l\000a\000s\000s\000\040\000D\000o\000c\000u\000m\000e\000n\000t\000a\000t\000i\000o\000n}{}% 14
\BOOKMARK [1][-]{section.7.1}{\376\377\0007\000.\0001\000\040\000D\000e\000v\000i\000c\000e\000s\000:\000:\000A\000b\000s\000t\000r\000a\000c\000t\000D\000e\000v\000i\000c\000e\000W\000r\000i\000t\000e\000r\000\040\000C\000l\000a\000s\000s\000\040\000R\000e\000f\000e\000r\000e\000n\000c\000e}{chapter.7}% 15
\BOOKMARK [2][-]{subsection.7.1.1}{\376\377\0007\000.\0001\000.\0001\000\040\000D\000e\000t\000a\000i\000l\000e\000d\000\040\000D\000e\000s\000c\000r\000i\000p\000t\000i\000o\000n}{section.7.1}% 16
\BOOKMARK [1][-]{section.7.2}{\376\377\0007\000.\0002\000\040\000I\000m\000a\000g\000e\000P\000r\000o\000c\000e\000s\000s\000o\000r\000:\000:\000A\000b\000s\000t\000r\000a\000c\000t\000I\000m\000a\000g\000e\000P\000r\000o\000c\000e\000s\000s\000o\000r\000\040\000C\000l\000a\000s\000s\000\040\000R\000e\000f\000e\000r\000e\000n\000c\000e}{chapter.7}% 17
\BOOKMARK [2][-]{subsection.7.2.1}{\376\377\0007\000.\0002\000.\0001\000\040\000D\000e\000t\000a\000i\000l\000e\000d\000\040\000D\000e\000s\000c\000r\000i\000p\000t\000i\000o\000n}{section.7.2}% 18
\BOOKMARK [2][-]{subsection.7.2.2}{\376\377\0007\000.\0002\000.\0002\000\040\000C\000o\000n\000s\000t\000r\000u\000c\000t\000o\000r\000\040\000\046\000\040\000D\000e\000s\000t\000r\000u\000c\000t\000o\000r\000\040\000D\000o\000c\000u\000m\000e\000n\000t\000a\000t\000i\000o\000n}{section.7.2}% 19
\BOOKMARK [3][-]{subsubsection.7.2.2.1}{\376\377\0007\000.\0002\000.\0002\000.\0001\000\040\000A\000b\000s\000t\000r\000a\000c\000t\000I\000m\000a\000g\000e\000P\000r\000o\000c\000e\000s\000s\000o\000r\000\050\000\051}{subsection.7.2.2}% 20
\BOOKMARK [2][-]{subsection.7.2.3}{\376\377\0007\000.\0002\000.\0003\000\040\000M\000e\000m\000b\000e\000r\000\040\000F\000u\000n\000c\000t\000i\000o\000n\000\040\000D\000o\000c\000u\000m\000e\000n\000t\000a\000t\000i\000o\000n}{section.7.2}% 21
\BOOKMARK [3][-]{subsubsection.7.2.3.1}{\376\377\0007\000.\0002\000.\0003\000.\0001\000\040\000d\000s\000t\000C\000h\000a\000n\000g\000e\000d}{subsection.7.2.3}% 22
\BOOKMARK [3][-]{subsubsection.7.2.3.2}{\376\377\0007\000.\0002\000.\0003\000.\0002\000\040\000g\000e\000t\000D\000s\000t\000\050\000\051}{subsection.7.2.3}% 23
\BOOKMARK [3][-]{subsubsection.7.2.3.3}{\376\377\0007\000.\0002\000.\0003\000.\0003\000\040\000g\000e\000t\000I\000m\000g\000\050\000\051}{subsection.7.2.3}% 24
\BOOKMARK [3][-]{subsubsection.7.2.3.4}{\376\377\0007\000.\0002\000.\0003\000.\0004\000\040\000p\000r\000o\000c\000e\000s\000s\000I\000m\000a\000g\000e\000\050\000\051}{subsection.7.2.3}% 25
\BOOKMARK [3][-]{subsubsection.7.2.3.5}{\376\377\0007\000.\0002\000.\0003\000.\0005\000\040\000s\000e\000t\000D\000s\000t}{subsection.7.2.3}% 26
\BOOKMARK [1][-]{section.7.3}{\376\377\0007\000.\0003\000\040\000D\000e\000v\000i\000c\000e\000s\000:\000:\000B\000l\000u\000e\000t\000o\000o\000t\000h\000H\000a\000n\000d\000l\000e\000r\000\040\000C\000l\000a\000s\000s\000\040\000R\000e\000f\000e\000r\000e\000n\000c\000e}{chapter.7}% 27
\BOOKMARK [2][-]{subsection.7.3.1}{\376\377\0007\000.\0003\000.\0001\000\040\000D\000e\000t\000a\000i\000l\000e\000d\000\040\000D\000e\000s\000c\000r\000i\000p\000t\000i\000o\000n}{section.7.3}% 28
\BOOKMARK [1][-]{section.7.4}{\376\377\0007\000.\0004\000\040\000C\000i\000r\000c\000l\000e\000D\000e\000t\000e\000c\000o\000r\000P\000l\000u\000g\000i\000n\000L\000o\000a\000d\000e\000r\000V\000i\000e\000w\000\040\000C\000l\000a\000s\000s\000\040\000R\000e\000f\000e\000r\000e\000n\000c\000e}{chapter.7}% 29
\BOOKMARK [2][-]{subsection.7.4.1}{\376\377\0007\000.\0004\000.\0001\000\040\000D\000e\000t\000a\000i\000l\000e\000d\000\040\000D\000e\000s\000c\000r\000i\000p\000t\000i\000o\000n}{section.7.4}% 30
\BOOKMARK [1][-]{section.7.5}{\376\377\0007\000.\0005\000\040\000C\000i\000r\000c\000l\000e\000D\000e\000t\000e\000c\000t\000o\000r\000P\000l\000u\000g\000i\000n\000M\000o\000d\000e\000l\000\040\000C\000l\000a\000s\000s\000\040\000R\000e\000f\000e\000r\000e\000n\000c\000e}{chapter.7}% 31
\BOOKMARK [2][-]{subsection.7.5.1}{\376\377\0007\000.\0005\000.\0001\000\040\000D\000e\000t\000a\000i\000l\000e\000d\000\040\000D\000e\000s\000c\000r\000i\000p\000t\000i\000o\000n}{section.7.5}% 32
\BOOKMARK [1][-]{section.7.6}{\376\377\0007\000.\0006\000\040\000C\000o\000l\000o\000r\000D\000e\000t\000e\000c\000t\000o\000r\000C\000o\000n\000t\000r\000o\000l\000l\000e\000r\000\040\000C\000l\000a\000s\000s\000\040\000R\000e\000f\000e\000r\000e\000n\000c\000e}{chapter.7}% 33
\BOOKMARK [2][-]{subsection.7.6.1}{\376\377\0007\000.\0006\000.\0001\000\040\000D\000e\000t\000a\000i\000l\000e\000d\000\040\000D\000e\000s\000c\000r\000i\000p\000t\000i\000o\000n}{section.7.6}% 34
\BOOKMARK [1][-]{section.7.7}{\376\377\0007\000.\0007\000\040\000C\000V\000V\000i\000d\000e\000o\000C\000a\000p\000t\000u\000r\000e\000\040\000C\000l\000a\000s\000s\000\040\000R\000e\000f\000e\000r\000e\000n\000c\000e}{chapter.7}% 35
\BOOKMARK [2][-]{subsection.7.7.1}{\376\377\0007\000.\0007\000.\0001\000\040\000D\000e\000t\000a\000i\000l\000e\000d\000\040\000D\000e\000s\000c\000r\000i\000p\000t\000i\000o\000n}{section.7.7}% 36
\BOOKMARK [1][-]{section.7.8}{\376\377\0007\000.\0008\000\040\000C\000V\000V\000i\000d\000e\000o\000C\000a\000p\000t\000u\000r\000e\000P\000l\000u\000g\000i\000n\000\040\000C\000l\000a\000s\000s\000\040\000R\000e\000f\000e\000r\000e\000n\000c\000e}{chapter.7}% 37
\BOOKMARK [2][-]{subsection.7.8.1}{\376\377\0007\000.\0008\000.\0001\000\040\000D\000e\000t\000a\000i\000l\000e\000d\000\040\000D\000e\000s\000c\000r\000i\000p\000t\000i\000o\000n}{section.7.8}% 38
\BOOKMARK [1][-]{section.7.9}{\376\377\0007\000.\0009\000\040\000I\000m\000a\000g\000e\000P\000r\000o\000c\000e\000s\000s\000o\000r\000:\000:\000D\000e\000t\000e\000c\000t\000C\000i\000r\000c\000l\000e\000\040\000C\000l\000a\000s\000s\000\040\000R\000e\000f\000e\000r\000e\000n\000c\000e}{chapter.7}% 39
\BOOKMARK [2][-]{subsection.7.9.1}{\376\377\0007\000.\0009\000.\0001\000\040\000D\000e\000t\000a\000i\000l\000e\000d\000\040\000D\000e\000s\000c\000r\000i\000p\000t\000i\000o\000n}{section.7.9}% 40
\BOOKMARK [2][-]{subsection.7.9.2}{\376\377\0007\000.\0009\000.\0002\000\040\000M\000e\000m\000b\000e\000r\000\040\000F\000u\000n\000c\000t\000i\000o\000n\000\040\000D\000o\000c\000u\000m\000e\000n\000t\000a\000t\000i\000o\000n}{section.7.9}% 41
\BOOKMARK [3][-]{subsubsection.7.9.2.1}{\376\377\0007\000.\0009\000.\0002\000.\0001\000\040\000c\000i\000r\000c\000l\000e\000s\000D\000e\000t\000e\000c\000t\000e\000d}{subsection.7.9.2}% 42
\BOOKMARK [3][-]{subsubsection.7.9.2.2}{\376\377\0007\000.\0009\000.\0002\000.\0002\000\040\000d\000e\000t\000e\000c\000t\000C\000i\000r\000c\000l\000e\000\050\000\051}{subsection.7.9.2}% 43
\BOOKMARK [3][-]{subsubsection.7.9.2.3}{\376\377\0007\000.\0009\000.\0002\000.\0003\000\040\000p\000r\000o\000c\000e\000s\000s\000I\000m\000a\000g\000e\000\050\000\051}{subsection.7.9.2}% 44
\BOOKMARK [3][-]{subsubsection.7.9.2.4}{\376\377\0007\000.\0009\000.\0002\000.\0004\000\040\000s\000e\000t\000M\000i\000n\000D\000i\000s\000t}{subsection.7.9.2}% 45
\BOOKMARK [1][-]{section.7.10}{\376\377\0007\000.\0001\0000\000\040\000I\000m\000a\000g\000e\000P\000r\000o\000c\000e\000s\000s\000o\000r\000:\000:\000D\000e\000t\000e\000c\000t\000C\000o\000l\000o\000r\000\040\000C\000l\000a\000s\000s\000\040\000R\000e\000f\000e\000r\000e\000n\000c\000e}{chapter.7}% 46
\BOOKMARK [2][-]{subsection.7.10.1}{\376\377\0007\000.\0001\0000\000.\0001\000\040\000D\000e\000t\000a\000i\000l\000e\000d\000\040\000D\000e\000s\000c\000r\000i\000p\000t\000i\000o\000n}{section.7.10}% 47
\BOOKMARK [2][-]{subsection.7.10.2}{\376\377\0007\000.\0001\0000\000.\0002\000\040\000M\000e\000m\000b\000e\000r\000\040\000F\000u\000n\000c\000t\000i\000o\000n\000\040\000D\000o\000c\000u\000m\000e\000n\000t\000a\000t\000i\000o\000n}{section.7.10}% 48
\BOOKMARK [3][-]{subsubsection.7.10.2.1}{\376\377\0007\000.\0001\0000\000.\0002\000.\0001\000\040\000d\000e\000t\000e\000c\000t\000C\000o\000l\000o\000r\000\050\000\051}{subsection.7.10.2}% 49
\BOOKMARK [3][-]{subsubsection.7.10.2.2}{\376\377\0007\000.\0001\0000\000.\0002\000.\0002\000\040\000g\000e\000t\000M\000a\000x\000C\000o\000l\000o\000r\000\050\000\051}{subsection.7.10.2}% 50
\BOOKMARK [3][-]{subsubsection.7.10.2.3}{\376\377\0007\000.\0001\0000\000.\0002\000.\0003\000\040\000g\000e\000t\000M\000i\000n\000C\000o\000l\000o\000r\000\050\000\051}{subsection.7.10.2}% 51
\BOOKMARK [3][-]{subsubsection.7.10.2.4}{\376\377\0007\000.\0001\0000\000.\0002\000.\0004\000\040\000p\000r\000o\000c\000e\000s\000s\000I\000m\000a\000g\000e\000\050\000\051}{subsection.7.10.2}% 52
\BOOKMARK [3][-]{subsubsection.7.10.2.5}{\376\377\0007\000.\0001\0000\000.\0002\000.\0005\000\040\000s\000e\000t\000M\000a\000x\000C\000o\000l\000o\000r}{subsection.7.10.2}% 53
\BOOKMARK [3][-]{subsubsection.7.10.2.6}{\376\377\0007\000.\0001\0000\000.\0002\000.\0006\000\040\000s\000e\000t\000M\000i\000n\000C\000o\000l\000o\000r}{subsection.7.10.2}% 54
\BOOKMARK [1][-]{section.7.11}{\376\377\0007\000.\0001\0001\000\040\000D\000e\000v\000i\000c\000e\000s\000:\000:\000D\000e\000v\000i\000c\000e\000M\000a\000n\000a\000g\000e\000r\000\040\000C\000l\000a\000s\000s\000\040\000R\000e\000f\000e\000r\000e\000n\000c\000e}{chapter.7}% 55
\BOOKMARK [2][-]{subsection.7.11.1}{\376\377\0007\000.\0001\0001\000.\0001\000\040\000D\000e\000t\000a\000i\000l\000e\000d\000\040\000D\000e\000s\000c\000r\000i\000p\000t\000i\000o\000n}{section.7.11}% 56
\BOOKMARK [1][-]{section.7.12}{\376\377\0007\000.\0001\0002\000\040\000I\000m\000a\000g\000e\000P\000r\000o\000c\000e\000s\000s\000o\000r\000:\000:\000D\000i\000l\000a\000t\000e\000\040\000C\000l\000a\000s\000s\000\040\000R\000e\000f\000e\000r\000e\000n\000c\000e}{chapter.7}% 57
\BOOKMARK [2][-]{subsection.7.12.1}{\376\377\0007\000.\0001\0002\000.\0001\000\040\000D\000e\000t\000a\000i\000l\000e\000d\000\040\000D\000e\000s\000c\000r\000i\000p\000t\000i\000o\000n}{section.7.12}% 58
\BOOKMARK [2][-]{subsection.7.12.2}{\376\377\0007\000.\0001\0002\000.\0002\000\040\000M\000e\000m\000b\000e\000r\000\040\000F\000u\000n\000c\000t\000i\000o\000n\000\040\000D\000o\000c\000u\000m\000e\000n\000t\000a\000t\000i\000o\000n}{section.7.12}% 59
\BOOKMARK [3][-]{subsubsection.7.12.2.1}{\376\377\0007\000.\0001\0002\000.\0002\000.\0001\000\040\000g\000e\000t\000D\000i\000l\000a\000t\000i\000o\000n\000S\000i\000z\000e\000\050\000\051}{subsection.7.12.2}% 60
\BOOKMARK [3][-]{subsubsection.7.12.2.2}{\376\377\0007\000.\0001\0002\000.\0002\000.\0002\000\040\000p\000r\000o\000c\000e\000s\000s\000I\000m\000a\000g\000e\000\050\000\051}{subsection.7.12.2}% 61
\BOOKMARK [3][-]{subsubsection.7.12.2.3}{\376\377\0007\000.\0001\0002\000.\0002\000.\0003\000\040\000s\000e\000t\000D\000i\000l\000a\000t\000i\000o\000n\000S\000i\000z\000e}{subsection.7.12.2}% 62
\BOOKMARK [3][-]{subsubsection.7.12.2.4}{\376\377\0007\000.\0001\0002\000.\0002\000.\0004\000\040\000s\000e\000t\000S\000h\000a\000p}{subsection.7.12.2}% 63
\BOOKMARK [1][-]{section.7.13}{\376\377\0007\000.\0001\0003\000\040\000M\000o\000r\000p\000h\000o\000L\000o\000g\000i\000c\000a\000l\000:\000:\000E\000r\000o\000d\000e\000P\000l\000u\000g\000i\000n\000\040\000C\000l\000a\000s\000s\000\040\000R\000e\000f\000e\000r\000e\000n\000c\000e}{chapter.7}% 64
\BOOKMARK [2][-]{subsection.7.13.1}{\376\377\0007\000.\0001\0003\000.\0001\000\040\000D\000e\000t\000a\000i\000l\000e\000d\000\040\000D\000e\000s\000c\000r\000i\000p\000t\000i\000o\000n}{section.7.13}% 65
\BOOKMARK [2][-]{subsection.7.13.2}{\376\377\0007\000.\0001\0003\000.\0002\000\040\000M\000e\000m\000b\000e\000r\000\040\000F\000u\000n\000c\000t\000i\000o\000n\000\040\000D\000o\000c\000u\000m\000e\000n\000t\000a\000t\000i\000o\000n}{section.7.13}% 66
\BOOKMARK [3][-]{subsubsection.7.13.2.1}{\376\377\0007\000.\0001\0003\000.\0002\000.\0001\000\040\000a\000u\000t\000h\000o\000r\000\050\000\051}{subsection.7.13.2}% 67
\BOOKMARK [3][-]{subsubsection.7.13.2.2}{\376\377\0007\000.\0001\0003\000.\0002\000.\0002\000\040\000f\000i\000l\000t\000e\000r\000\050\000\051}{subsection.7.13.2}% 68
\BOOKMARK [3][-]{subsubsection.7.13.2.3}{\376\377\0007\000.\0001\0003\000.\0002\000.\0003\000\040\000f\000i\000l\000t\000e\000r\000D\000e\000s\000c\000r\000i\000p\000t\000i\000o\000n\000\050\000\051}{subsection.7.13.2}% 69
\BOOKMARK [3][-]{subsubsection.7.13.2.4}{\376\377\0007\000.\0001\0003\000.\0002\000.\0004\000\040\000f\000i\000l\000t\000e\000r\000N\000a\000m\000e\000\050\000\051}{subsection.7.13.2}% 70
\BOOKMARK [1][-]{section.7.14}{\376\377\0007\000.\0001\0004\000\040\000C\000i\000r\000c\000l\000e\000D\000e\000t\000e\000c\000t\000o\000r\000P\000l\000u\000g\000i\000n\000s\000:\000:\000I\000m\000a\000g\000e\000P\000r\000o\000c\000e\000s\000s\000o\000r\000P\000l\000u\000g\000i\000n\000I\000F\000a\000c\000e\000\040\000C\000l\000a\000s\000s\000\040\000R\000e\000f\000e\000r\000e\000n\000c\000e}{chapter.7}% 71
\BOOKMARK [2][-]{subsection.7.14.1}{\376\377\0007\000.\0001\0004\000.\0001\000\040\000D\000e\000t\000a\000i\000l\000e\000d\000\040\000D\000e\000s\000c\000r\000i\000p\000t\000i\000o\000n}{section.7.14}% 72
\BOOKMARK [2][-]{subsection.7.14.2}{\376\377\0007\000.\0001\0004\000.\0002\000\040\000M\000e\000m\000b\000e\000r\000\040\000F\000u\000n\000c\000t\000i\000o\000n\000\040\000D\000o\000c\000u\000m\000e\000n\000t\000a\000t\000i\000o\000n}{section.7.14}% 73
\BOOKMARK [3][-]{subsubsection.7.14.2.1}{\376\377\0007\000.\0001\0004\000.\0002\000.\0001\000\040\000a\000u\000t\000h\000o\000r\000\050\000\051}{subsection.7.14.2}% 74
\BOOKMARK [3][-]{subsubsection.7.14.2.2}{\376\377\0007\000.\0001\0004\000.\0002\000.\0002\000\040\000f\000i\000l\000t\000e\000r\000\050\000\051}{subsection.7.14.2}% 75
\BOOKMARK [3][-]{subsubsection.7.14.2.3}{\376\377\0007\000.\0001\0004\000.\0002\000.\0003\000\040\000f\000i\000l\000t\000e\000r\000D\000e\000s\000c\000r\000i\000p\000t\000i\000o\000n\000\050\000\051}{subsection.7.14.2}% 76
\BOOKMARK [3][-]{subsubsection.7.14.2.4}{\376\377\0007\000.\0001\0004\000.\0002\000.\0004\000\040\000f\000i\000l\000t\000e\000r\000N\000a\000m\000e\000\050\000\051}{subsection.7.14.2}% 77
\BOOKMARK [1][-]{section.7.15}{\376\377\0007\000.\0001\0005\000\040\000I\000m\000a\000g\000e\000P\000r\000o\000c\000e\000s\000s\000o\000r\000T\000e\000s\000t\000\040\000C\000l\000a\000s\000s\000\040\000R\000e\000f\000e\000r\000e\000n\000c\000e}{chapter.7}% 78
\BOOKMARK [2][-]{subsection.7.15.1}{\376\377\0007\000.\0001\0005\000.\0001\000\040\000D\000e\000t\000a\000i\000l\000e\000d\000\040\000D\000e\000s\000c\000r\000i\000p\000t\000i\000o\000n}{section.7.15}% 79
\BOOKMARK [1][-]{section.7.16}{\376\377\0007\000.\0001\0006\000\040\000M\000a\000i\000n\000W\000i\000n\000d\000o\000w\000\040\000C\000l\000a\000s\000s\000\040\000R\000e\000f\000e\000r\000e\000n\000c\000e}{chapter.7}% 80
\BOOKMARK [2][-]{subsection.7.16.1}{\376\377\0007\000.\0001\0006\000.\0001\000\040\000D\000e\000t\000a\000i\000l\000e\000d\000\040\000D\000e\000s\000c\000r\000i\000p\000t\000i\000o\000n}{section.7.16}% 81
\BOOKMARK [1][-]{section.7.17}{\376\377\0007\000.\0001\0007\000\040\000U\000i\000:\000:\000M\000a\000i\000n\000W\000i\000n\000d\000o\000w\000\040\000C\000l\000a\000s\000s\000\040\000R\000e\000f\000e\000r\000e\000n\000c\000e}{chapter.7}% 82
\BOOKMARK [2][-]{subsection.7.17.1}{\376\377\0007\000.\0001\0007\000.\0001\000\040\000D\000e\000t\000a\000i\000l\000e\000d\000\040\000D\000e\000s\000c\000r\000i\000p\000t\000i\000o\000n}{section.7.17}% 83
\BOOKMARK [1][-]{section.7.18}{\376\377\0007\000.\0001\0008\000\040\000I\000m\000a\000g\000e\000P\000r\000o\000c\000e\000s\000s\000o\000r\000:\000:\000O\000b\000j\000e\000c\000t\000D\000e\000t\000e\000c\000t\000i\000o\000n\000\040\000C\000l\000a\000s\000s\000\040\000R\000e\000f\000e\000r\000e\000n\000c\000e}{chapter.7}% 84
\BOOKMARK [2][-]{subsection.7.18.1}{\376\377\0007\000.\0001\0008\000.\0001\000\040\000D\000e\000t\000a\000i\000l\000e\000d\000\040\000D\000e\000s\000c\000r\000i\000p\000t\000i\000o\000n}{section.7.18}% 85
\BOOKMARK [2][-]{subsection.7.18.2}{\376\377\0007\000.\0001\0008\000.\0002\000\040\000C\000o\000n\000s\000t\000r\000u\000c\000t\000o\000r\000\040\000\046\000\040\000D\000e\000s\000t\000r\000u\000c\000t\000o\000r\000\040\000D\000o\000c\000u\000m\000e\000n\000t\000a\000t\000i\000o\000n}{section.7.18}% 86
\BOOKMARK [3][-]{subsubsection.7.18.2.1}{\376\377\0007\000.\0001\0008\000.\0002\000.\0001\000\040\000O\000b\000j\000e\000c\000t\000D\000e\000t\000e\000c\000t\000i\000o\000n\000\050\000\051}{subsection.7.18.2}% 87
\BOOKMARK [2][-]{subsection.7.18.3}{\376\377\0007\000.\0001\0008\000.\0003\000\040\000M\000e\000m\000b\000e\000r\000\040\000F\000u\000n\000c\000t\000i\000o\000n\000\040\000D\000o\000c\000u\000m\000e\000n\000t\000a\000t\000i\000o\000n}{section.7.18}% 88
\BOOKMARK [3][-]{subsubsection.7.18.3.1}{\376\377\0007\000.\0001\0008\000.\0003\000.\0001\000\040\000a\000d\000d\000F\000i\000l\000t\000e\000r}{subsection.7.18.3}% 89
\BOOKMARK [3][-]{subsubsection.7.18.3.2}{\376\377\0007\000.\0001\0008\000.\0003\000.\0002\000\040\000a\000p\000p\000l\000y\000F\000i\000l\000t\000e\000r\000s\000\050\000\051}{subsection.7.18.3}% 90
\BOOKMARK [3][-]{subsubsection.7.18.3.3}{\376\377\0007\000.\0001\0008\000.\0003\000.\0003\000\040\000g\000e\000t\000C\000i\000r\000c\000l\000e\000s\000\050\000\051}{subsection.7.18.3}% 91
\BOOKMARK [3][-]{subsubsection.7.18.3.4}{\376\377\0007\000.\0001\0008\000.\0003\000.\0004\000\040\000g\000e\000t\000C\000i\000r\000D\000e\000t\000e\000c\000t\000o\000r\000\050\000\051}{subsection.7.18.3}% 92
\BOOKMARK [3][-]{subsubsection.7.18.3.5}{\376\377\0007\000.\0001\0008\000.\0003\000.\0005\000\040\000g\000e\000t\000C\000o\000l\000D\000e\000t\000e\000c\000t\000o\000r\000\050\000\051}{subsection.7.18.3}% 93
\BOOKMARK [3][-]{subsubsection.7.18.3.6}{\376\377\0007\000.\0001\0008\000.\0003\000.\0006\000\040\000g\000e\000t\000D\000i\000l\000e\000r\000\050\000\051}{subsection.7.18.3}% 94
\BOOKMARK [3][-]{subsubsection.7.18.3.7}{\376\377\0007\000.\0001\0008\000.\0003\000.\0007\000\040\000p\000r\000o\000c\000e\000s\000s\000I\000m\000a\000g\000e\000\050\000\051}{subsection.7.18.3}% 95
\BOOKMARK [3][-]{subsubsection.7.18.3.8}{\376\377\0007\000.\0001\0008\000.\0003\000.\0008\000\040\000s\000e\000t\000C\000i\000r\000D\000e\000t\000e\000c\000t\000o\000r}{subsection.7.18.3}% 96
\BOOKMARK [3][-]{subsubsection.7.18.3.9}{\376\377\0007\000.\0001\0008\000.\0003\000.\0009\000\040\000s\000e\000t\000D\000i\000l\000e\000r}{subsection.7.18.3}% 97
\BOOKMARK [1][-]{section.7.19}{\376\377\0007\000.\0001\0009\000\040\000I\000m\000a\000g\000e\000P\000r\000o\000c\000e\000s\000s\000o\000r\000:\000:\000O\000b\000j\000e\000c\000t\000D\000e\000t\000e\000c\000t\000o\000r\000B\000u\000i\000l\000d\000e\000r\000\040\000C\000l\000a\000s\000s\000\040\000R\000e\000f\000e\000r\000e\000n\000c\000e}{chapter.7}% 98
\BOOKMARK [2][-]{subsection.7.19.1}{\376\377\0007\000.\0001\0009\000.\0001\000\040\000D\000e\000t\000a\000i\000l\000e\000d\000\040\000D\000e\000s\000c\000r\000i\000p\000t\000i\000o\000n}{section.7.19}% 99
\BOOKMARK [1][-]{section.7.20}{\376\377\0007\000.\0002\0000\000\040\000D\000e\000v\000i\000c\000e\000s\000:\000:\000O\000b\000s\000e\000r\000v\000a\000b\000l\000e\000D\000a\000t\000a\000\040\000C\000l\000a\000s\000s\000\040\000R\000e\000f\000e\000r\000e\000n\000c\000e}{chapter.7}% 100
\BOOKMARK [2][-]{subsection.7.20.1}{\376\377\0007\000.\0002\0000\000.\0001\000\040\000D\000e\000t\000a\000i\000l\000e\000d\000\040\000D\000e\000s\000c\000r\000i\000p\000t\000i\000o\000n}{section.7.20}% 101
\BOOKMARK [1][-]{section.7.21}{\376\377\0007\000.\0002\0001\000\040\000D\000e\000v\000i\000c\000e\000s\000:\000:\000O\000b\000s\000e\000r\000v\000e\000r\000\040\000C\000l\000a\000s\000s\000\040\000R\000e\000f\000e\000r\000e\000n\000c\000e}{chapter.7}% 102
\BOOKMARK [2][-]{subsection.7.21.1}{\376\377\0007\000.\0002\0001\000.\0001\000\040\000D\000e\000t\000a\000i\000l\000e\000d\000\040\000D\000e\000s\000c\000r\000i\000p\000t\000i\000o\000n}{section.7.21}% 103
\BOOKMARK [1][-]{section.7.22}{\376\377\0007\000.\0002\0002\000\040\000O\000b\000s\000e\000r\000v\000e\000r\000I\000m\000p\000l\000\040\000C\000l\000a\000s\000s\000\040\000R\000e\000f\000e\000r\000e\000n\000c\000e}{chapter.7}% 104
\BOOKMARK [2][-]{subsection.7.22.1}{\376\377\0007\000.\0002\0002\000.\0001\000\040\000D\000e\000t\000a\000i\000l\000e\000d\000\040\000D\000e\000s\000c\000r\000i\000p\000t\000i\000o\000n}{section.7.22}% 105
\BOOKMARK [1][-]{section.7.23}{\376\377\0007\000.\0002\0003\000\040\000P\000r\000o\000c\000e\000s\000s\000H\000a\000n\000d\000l\000e\000r\000\040\000C\000l\000a\000s\000s\000\040\000R\000e\000f\000e\000r\000e\000n\000c\000e}{chapter.7}% 106
\BOOKMARK [2][-]{subsection.7.23.1}{\376\377\0007\000.\0002\0003\000.\0001\000\040\000D\000e\000t\000a\000i\000l\000e\000d\000\040\000D\000e\000s\000c\000r\000i\000p\000t\000i\000o\000n}{section.7.23}% 107
\BOOKMARK [1][-]{section.7.24}{\376\377\0007\000.\0002\0004\000\040\000D\000e\000v\000i\000c\000e\000s\000:\000:\000S\000e\000r\000i\000a\000l\000H\000a\000n\000d\000l\000e\000r\000\040\000C\000l\000a\000s\000s\000\040\000R\000e\000f\000e\000r\000e\000n\000c\000e}{chapter.7}% 108
\BOOKMARK [2][-]{subsection.7.24.1}{\376\377\0007\000.\0002\0004\000.\0001\000\040\000D\000e\000t\000a\000i\000l\000e\000d\000\040\000D\000e\000s\000c\000r\000i\000p\000t\000i\000o\000n}{section.7.24}% 109
\BOOKMARK [1][-]{section.7.25}{\376\377\0007\000.\0002\0005\000\040\000S\000e\000r\000i\000a\000l\000M\000a\000i\000n\000W\000i\000n\000d\000o\000w\000\040\000C\000l\000a\000s\000s\000\040\000R\000e\000f\000e\000r\000e\000n\000c\000e}{chapter.7}% 110
\BOOKMARK [2][-]{subsection.7.25.1}{\376\377\0007\000.\0002\0005\000.\0001\000\040\000D\000e\000t\000a\000i\000l\000e\000d\000\040\000D\000e\000s\000c\000r\000i\000p\000t\000i\000o\000n}{section.7.25}% 111
\BOOKMARK [1][-]{section.7.26}{\376\377\0007\000.\0002\0006\000\040\000S\000e\000r\000i\000a\000l\000P\000o\000r\000t\000M\000o\000d\000e\000l\000\040\000C\000l\000a\000s\000s\000\040\000R\000e\000f\000e\000r\000e\000n\000c\000e}{chapter.7}% 112
\BOOKMARK [2][-]{subsection.7.26.1}{\376\377\0007\000.\0002\0006\000.\0001\000\040\000D\000e\000t\000a\000i\000l\000e\000d\000\040\000D\000e\000s\000c\000r\000i\000p\000t\000i\000o\000n}{section.7.26}% 113
\BOOKMARK [1][-]{section.7.27}{\376\377\0007\000.\0002\0007\000\040\000U\000t\000i\000l\000i\000t\000i\000e\000s\000:\000:\000S\000e\000r\000i\000a\000l\000P\000o\000r\000t\000M\000o\000d\000e\000l\000\040\000C\000l\000a\000s\000s\000\040\000R\000e\000f\000e\000r\000e\000n\000c\000e}{chapter.7}% 114
\BOOKMARK [2][-]{subsection.7.27.1}{\376\377\0007\000.\0002\0007\000.\0001\000\040\000D\000e\000t\000a\000i\000l\000e\000d\000\040\000D\000e\000s\000c\000r\000i\000p\000t\000i\000o\000n}{section.7.27}% 115
\BOOKMARK [1][-]{section.7.28}{\376\377\0007\000.\0002\0008\000\040\000D\000e\000v\000i\000c\000e\000s\000:\000:\000S\000u\000b\000j\000e\000c\000t\000\040\000C\000l\000a\000s\000s\000\040\000R\000e\000f\000e\000r\000e\000n\000c\000e}{chapter.7}% 116
\BOOKMARK [2][-]{subsection.7.28.1}{\376\377\0007\000.\0002\0008\000.\0001\000\040\000D\000e\000t\000a\000i\000l\000e\000d\000\040\000D\000e\000s\000c\000r\000i\000p\000t\000i\000o\000n}{section.7.28}% 117
\BOOKMARK [1][-]{section.7.29}{\376\377\0007\000.\0002\0009\000\040\000S\000u\000b\000j\000e\000c\000t\000I\000m\000p\000l\000\040\000C\000l\000a\000s\000s\000\040\000R\000e\000f\000e\000r\000e\000n\000c\000e}{chapter.7}% 118
\BOOKMARK [2][-]{subsection.7.29.1}{\376\377\0007\000.\0002\0009\000.\0001\000\040\000D\000e\000t\000a\000i\000l\000e\000d\000\040\000D\000e\000s\000c\000r\000i\000p\000t\000i\000o\000n}{section.7.29}% 119
\BOOKMARK [1][-]{section.7.30}{\376\377\0007\000.\0003\0000\000\040\000T\000e\000s\000t\000O\000b\000s\000e\000r\000v\000e\000r\000S\000u\000b\000j\000e\000c\000t\000T\000e\000s\000t\000\040\000C\000l\000a\000s\000s\000\040\000R\000e\000f\000e\000r\000e\000n\000c\000e}{chapter.7}% 120
\BOOKMARK [2][-]{subsection.7.30.1}{\376\377\0007\000.\0003\0000\000.\0001\000\040\000D\000e\000t\000a\000i\000l\000e\000d\000\040\000D\000e\000s\000c\000r\000i\000p\000t\000i\000o\000n}{section.7.30}% 121
\BOOKMARK [1][-]{section.7.31}{\376\377\0007\000.\0003\0001\000\040\000T\000e\000s\000t\000W\000o\000r\000k\000\040\000C\000l\000a\000s\000s\000\040\000R\000e\000f\000e\000r\000e\000n\000c\000e}{chapter.7}% 122
\BOOKMARK [2][-]{subsection.7.31.1}{\376\377\0007\000.\0003\0001\000.\0001\000\040\000D\000e\000t\000a\000i\000l\000e\000d\000\040\000D\000e\000s\000c\000r\000i\000p\000t\000i\000o\000n}{section.7.31}% 123
\BOOKMARK [1][-]{section.7.32}{\376\377\0007\000.\0003\0002\000\040\000U\000i\000\137\000M\000a\000i\000n\000W\000i\000n\000d\000o\000w\000\040\000C\000l\000a\000s\000s\000\040\000R\000e\000f\000e\000r\000e\000n\000c\000e}{chapter.7}% 124
\BOOKMARK [2][-]{subsection.7.32.1}{\376\377\0007\000.\0003\0002\000.\0001\000\040\000D\000e\000t\000a\000i\000l\000e\000d\000\040\000D\000e\000s\000c\000r\000i\000p\000t\000i\000o\000n}{section.7.32}% 125
\BOOKMARK [1][-]{section.7.33}{\376\377\0007\000.\0003\0003\000\040\000U\000t\000i\000l\000i\000t\000i\000e\000s\000:\000:\000U\000t\000i\000l\000s\000\040\000C\000l\000a\000s\000s\000\040\000R\000e\000f\000e\000r\000e\000n\000c\000e}{chapter.7}% 126
\BOOKMARK [2][-]{subsection.7.33.1}{\376\377\0007\000.\0003\0003\000.\0001\000\040\000D\000e\000t\000a\000i\000l\000e\000d\000\040\000D\000e\000s\000c\000r\000i\000p\000t\000i\000o\000n}{section.7.33}% 127
\BOOKMARK [0][-]{section*.163}{\376\377\000I\000n\000d\000e\000x}{}% 128
